<?xml version="1.0" encoding="UTF-8"?>
<!-- Generated by org.testng.reporters.JUnitReportReporter -->
<testsuite hostname="COG-WIN-MAC03" failures="0" tests="16" name="testCases.ProductReportTest" time="2125.261" errors="0" timestamp="2023-07-15T20:27:47 IST" skipped="0">
  <testcase classname="testCases.ProductReportTest" name="validateMandatoryFieldsOfProductAssignmentReport" time="70.401"/>
  <system-out/>
  <testcase classname="testCases.ProductReportTest" name="validateFunctionalityOfProductAssignmentReportWithProductType" time="998.191"/>
  <system-out/>
  <testcase classname="testCases.ProductReportTest" name="validateFunctionalityOfProductAssignmentReportWithProductName" time="81.876"/>
  <system-out/>
  <testcase classname="testCases.ProductReportTest" name="validateFunctionalityOfProductAssignmentReportWithToadyDate" time="81.025"/>
  <system-out/>
  <testcase classname="testCases.ProductReportTest" name="validatemandatoryFieldsOfAuditLogReport" time="54.464"/>
  <system-out/>
  <testcase classname="testCases.ProductReportTest" name="validateFunctionalityOfAuditLogReport" time="79.869"/>
  <system-out/>
  <testcase classname="testCases.ProductReportTest" name="validateMandatoryFieldsOfProductBarcodeReport" time="86.563"/>
  <system-out/>
  <testcase classname="testCases.ProductReportTest" name="validateFunctionalityOfProductBarcodeReport" time="81.671"/>
  <system-out/>
  <testcase classname="testCases.ProductReportTest" name="validateMandatoryFieldsOfItemLogHistoryReport" time="55.800"/>
  <system-out/>
  <testcase classname="testCases.ProductReportTest" name="validateFunctionalityOfItemLogHistoryReportWithProductName" time="87.304"/>
  <system-out/>
  <testcase classname="testCases.ProductReportTest" name="validateFunctionalityOfItemLogHistoryReportWithUniqueProductName" time="84.393"/>
  <system-out/>
  <testcase classname="testCases.ProductReportTest" name="validateFunctionalityOfItemLogHistoryReportWithDate" time="81.827"/>
  <system-out/>
  <testcase classname="testCases.ProductReportTest" name="validateMandatoryFieldsOfProductCountReport" time="56.511"/>
  <system-out/>
  <testcase classname="testCases.ProductReportTest" name="validateFunctionalityOfProductCountReportWithProductType" time="76.954"/>
  <system-out/>
  <testcase classname="testCases.ProductReportTest" name="validateMandatoryFieldsOfProductReport" time="63.973"/>
  <system-out/>
  <testcase classname="testCases.ProductReportTest" name="validateFunctionalityOfProductReportWithProductType" time="84.439"/>
  <system-out/>
</testsuite> <!-- testCases.ProductReportTest -->
