<?xml version="1.0" encoding="UTF-8"?>
<!-- Generated by org.testng.reporters.JUnitReportReporter -->
<testsuite hostname="COG-WIN-MAC03" failures="0" tests="1" name="testCases.ProductTypeTest" time="53.849" errors="0" timestamp="2023-07-15T19:24:07 IST" skipped="0">
  <testcase classname="testCases.ProductTypeTest" name="ImportProductTypeValidationCheck" time="53.849"/>
  <system-out/>
</testsuite> <!-- testCases.ProductTypeTest -->
