<?xml version="1.0" encoding="UTF-8"?>
<!-- Generated by org.testng.reporters.JUnitReportReporter -->
<testsuite hostname="COG-WIN-MAC03" failures="0" tests="4" name="testCases.PendingRequestTest" time="2793.534" errors="0" timestamp="2023-07-15T03:30:18 IST" skipped="0">
  <testcase classname="testCases.PendingRequestTest" name="verifyPendingRequest" time="682.732"/>
  <system-out/>
  <testcase classname="testCases.PendingRequestTest" name="verifyProductNameInReservationField" time="55.640"/>
  <system-out/>
  <testcase classname="testCases.PendingRequestTest" name="VerifyReturnRequestWithApproveFunctionality" time="1060.125"/>
  <system-out/>
  <testcase classname="testCases.PendingRequestTest" name="VerifyReturnRequestWithRejectFunctionality" time="995.037"/>
  <system-out/>
</testsuite> <!-- testCases.PendingRequestTest -->
