<?xml version="1.0" encoding="UTF-8"?>
<!-- Generated by org.testng.reporters.JUnitReportReporter -->
<testsuite hostname="COG-WIN-MAC03" failures="0" tests="1" name="testCases.PendingRequestTest" time="475.891" errors="0" timestamp="2023-01-11T13:56:14 IST" skipped="0">
  <testcase classname="testCases.PendingRequestTest" name="VerifyReturnRequestWithRejectFunctionality" time="475.891"/>
  <system-out/>
</testsuite> <!-- testCases.PendingRequestTest -->
