<?xml version="1.0" encoding="UTF-8"?>
<!-- Generated by org.testng.reporters.JUnitReportReporter -->
<testsuite hostname="COG-WIN-MAC03" failures="0" tests="16" name="testCases.ManageProductTest" time="3540.883" errors="0" timestamp="2023-07-15T03:30:18 IST" skipped="0">
  <testcase classname="testCases.ManageProductTest" name="AddProductValidationCheck" time="54.151"/>
  <system-out/>
  <testcase classname="testCases.ManageProductTest" name="AddProduct" time="181.485"/>
  <system-out/>
  <testcase classname="testCases.ManageProductTest" name="ValidateandDeleteAddedProduct" time="66.526"/>
  <system-out/>
  <testcase classname="testCases.ManageProductTest" name="AddProductwithCreateuniquenamelisting" time="93.361"/>
  <system-out/>
  <testcase classname="testCases.ManageProductTest" name="ValidateandDeleteAddedProductwithCreateuniquenamelisting" time="68.417"/>
  <system-out/>
  <testcase classname="testCases.ManageProductTest" name="ValidateFunctionalityOfProductTransferButton" time="493.805"/>
  <system-out/>
  <testcase classname="testCases.ManageProductTest" name="ValidateFunctionalityOfInTransitProductPageWithRejection" time="125.920"/>
  <system-out/>
  <testcase classname="testCases.ManageProductTest" name="ValidateRejectedProductInTransferredListPage" time="61.091"/>
  <system-out/>
  <testcase classname="testCases.ManageProductTest" name="ValidateFunctionalityOfInTransitProductPageWithAccept" time="626.605"/>
  <system-out/>
  <testcase classname="testCases.ManageProductTest" name="ValidateAcceptProductInTransferredListPage" time="61.937"/>
  <system-out/>
  <testcase classname="testCases.ManageProductTest" name="ValidateUpdatedProduct" time="284.977"/>
  <system-out/>
  <testcase classname="testCases.ManageProductTest" name="ValidateDepreciationFunctionality" time="57.020"/>
  <system-out/>
  <testcase classname="testCases.ManageProductTest" name="ValidateAddRelationshipFunctionality" time="232.842"/>
  <system-out/>
  <testcase classname="testCases.ManageProductTest" name="ValidateCheckAvabilityFunctionalityWithProductCheckOut" time="550.323"/>
  <system-out/>
  <testcase classname="testCases.ManageProductTest" name="ValidateCheckAvabilityFunctionalityWithRejection" time="504.941"/>
  <system-out/>
  <testcase classname="testCases.ManageProductTest" name="ValidateImportProductFunctionality" time="77.482"/>
  <system-out/>
</testsuite> <!-- testCases.ManageProductTest -->
