<?xml version="1.0" encoding="UTF-8"?>
<!-- Generated by org.testng.reporters.JUnitReportReporter -->
<testsuite hostname="COG-WIN-MAC03" failures="0" tests="1" name="testCases.ProductContainerListTest" time="41.712" errors="0" timestamp="2023-07-15T19:26:50 IST" skipped="0">
  <testcase classname="testCases.ProductContainerListTest" name="validateMandatoryFieldsInAddProductContainerPage" time="41.712"/>
  <system-out/>
</testsuite> <!-- testCases.ProductContainerListTest -->
