<?xml version="1.0" encoding="UTF-8"?>
<!-- Generated by org.testng.reporters.JUnitReportReporter -->
<testsuite hostname="COG-WIN-MAC03" failures="0" tests="1" name="testCases.ProductReportTest" time="52.138" errors="0" timestamp="2023-01-10T14:46:56 IST" skipped="0">
  <testcase classname="testCases.ProductReportTest" name="validateMandatoryFieldsOfProductReport" time="52.138"/>
  <system-out/>
</testsuite> <!-- testCases.ProductReportTest -->
