<?xml version="1.0" encoding="UTF-8"?>
<!-- Generated by org.testng.reporters.JUnitReportReporter -->
<testsuite hostname="COG-WIN-MAC03" failures="0" tests="1" name="testCases.ManageProductTest" time="311.080" errors="0" timestamp="2023-01-13T12:42:59 IST" skipped="0">
  <testcase classname="testCases.ManageProductTest" name="ValidateCheckAvabilityFunctionalityWithProductCheckOut" time="311.080"/>
  <system-out/>
</testsuite> <!-- testCases.ManageProductTest -->
