<?xml version="1.0" encoding="UTF-8"?>
<!-- Generated by org.testng.reporters.JUnitReportReporter -->
<testsuite hostname="COG-WIN-MAC03" failures="0" tests="1" name="testCases.ProductTypeTest" time="91.981" errors="0" timestamp="2023-01-03T10:21:34 IST" skipped="0">
  <testcase classname="testCases.ProductTypeTest" name="AddProductType" time="91.981"/>
  <system-out/>
</testsuite> <!-- testCases.ProductTypeTest -->
