<?xml version="1.0" encoding="UTF-8"?>
<!-- Generated by org.testng.reporters.JUnitReportReporter -->
<testsuite hostname="COG-WIN-MAC03" failures="0" tests="1" name="testCases.NormalUserPendingRequestTest" time="983.150" errors="0" timestamp="2023-07-15T19:18:46 IST" skipped="0">
  <testcase classname="testCases.NormalUserPendingRequestTest" name="VerifyReplaceRequestwithRejectFunctionality" time="983.150"/>
  <system-out/>
</testsuite> <!-- testCases.NormalUserPendingRequestTest -->
