<?xml version="1.0" encoding="UTF-8"?>
<!-- Generated by org.testng.reporters.JUnitReportReporter -->
<testsuite hostname="COG-WIN-MAC03" failures="0" tests="1" name="testCases.NormalUserPendingRequestTest" time="419.448" errors="0" timestamp="2023-01-13T16:49:18 IST" skipped="0">
  <testcase classname="testCases.NormalUserPendingRequestTest" name="VerifyNormalUserAssignedProduct" time="419.448"/>
  <system-out/>
</testsuite> <!-- testCases.NormalUserPendingRequestTest -->
