<?xml version="1.0" encoding="UTF-8"?>
<!-- Generated by org.testng.reporters.JUnitReportReporter -->
<testsuite hostname="COG-WIN-MAC03" failures="0" tests="6" name="testCases.NewProductTypeRequestTest" time="510.892" errors="0" timestamp="2023-01-05T14:42:01 IST" skipped="0">
  <testcase classname="testCases.NewProductTypeRequestTest" name="NewProductTypeRequestValidationCheck" time="56.580"/>
  <system-out/>
  <testcase classname="testCases.NewProductTypeRequestTest" name="addNewProductType" time="62.303"/>
  <system-out/>
  <testcase classname="testCases.NewProductTypeRequestTest" name="verifyNewAddeProductTypeInNewProductTypeRequestListPage" time="52.816"/>
  <system-out/>
  <testcase classname="testCases.NewProductTypeRequestTest" name="validateRemoveButtonFunctionality" time="69.886"/>
  <system-out/>
  <testcase classname="testCases.NewProductTypeRequestTest" name="validateApproveFunctionalityForNewProductTypeRequest" time="134.807"/>
  <system-out/>
  <testcase classname="testCases.NewProductTypeRequestTest" name="validateRejectFunctionalityForNewProductTypeRequest" time="134.500"/>
  <system-out/>
</testsuite> <!-- testCases.NewProductTypeRequestTest -->
