<?xml version="1.0" encoding="UTF-8"?>
<!-- Generated by org.testng.reporters.JUnitReportReporter -->
<testsuite hostname="COG-WIN-MAC03" failures="0" tests="1" name="testCases.NewProductTypeRequestTest" time="191.032" errors="0" timestamp="2023-07-15T21:57:07 IST" skipped="0">
  <testcase classname="testCases.NewProductTypeRequestTest" name="addNewProductType" time="191.032"/>
  <system-out/>
</testsuite> <!-- testCases.NewProductTypeRequestTest -->
