<?xml version="1.0" encoding="UTF-8"?>
<!-- Generated by org.testng.reporters.JUnitReportReporter -->
<testsuite hostname="COG-WIN-MAC03" failures="0" tests="13" name="testCases.MyProductTest" time="8843.747" errors="0" timestamp="2023-07-15T03:30:18 IST" skipped="0">
  <testcase classname="testCases.MyProductTest" name="validationCheckOfCheckAvabilityFunctionality" time="45.617"/>
  <system-out/>
  <testcase classname="testCases.MyProductTest" name="validationCheckOfAddCheckOutRequestMandatoryFields" time="203.899"/>
  <system-out/>
  <testcase classname="testCases.MyProductTest" name="ValidateFunctionalityOfAddCheckOutRequest" time="757.590"/>
  <system-out/>
  <testcase classname="testCases.MyProductTest" name="ValidateFunctionalityOfCheckOutRequestListwithRejection" time="79.860"/>
  <system-out/>
  <testcase classname="testCases.MyProductTest" name="VerifyReturnRequestWithApproveFunctionality" time="966.683"/>
  <system-out/>
  <testcase classname="testCases.MyProductTest" name="VerifyReturnRequestWithRejectFunctionality" time="1055.731"/>
  <system-out/>
  <testcase classname="testCases.MyProductTest" name="VerifyActionButtonRejectFunctionality" time="890.611"/>
  <system-out/>
  <testcase classname="testCases.MyProductTest" name="VerifyConsumeButtonFunctionality" time="920.039"/>
  <system-out/>
  <testcase classname="testCases.MyProductTest" name="VerifyReplaceRequestwithApproveFunctionality" time="958.724"/>
  <system-out/>
  <testcase classname="testCases.MyProductTest" name="VerifySelfCheckOutFunctionality" time="74.122"/>
  <system-out/>
  <testcase classname="testCases.MyProductTest" name="VerifyProductTransferBUttonFunctionality" time="1007.478"/>
  <system-out/>
  <testcase classname="testCases.MyProductTest" name="VerifyReplaceRequestwithRejectFunctionality" time="988.010"/>
  <system-out/>
  <testcase classname="testCases.MyProductTest" name="VerifyTermsAndConditionFunctionalityOfActionButton" time="895.383"/>
  <system-out/>
</testsuite> <!-- testCases.MyProductTest -->
